<?xml version="1.0" encoding="UTF-8"?>
<testsuite xmlns:xsi="http://www.w3.org/2001/XMLSchema-instance" xsi:noNamespaceSchemaLocation="https://maven.apache.org/surefire/maven-surefire-plugin/xsd/surefire-test-report-3.0.xsd" version="3.0" name="com.practice.Restaurants.RestaurantsApplicationTests" time="14.11" tests="1" errors="0" skipped="0" failures="0">
  <properties>
[...]
</properties>
  <testcase name="contextLoads" classname="com.practice.Restaurants.RestaurantsApplicationTests" time="1.151">
    <system-out><![CDATA[19:14:29.439 [main] INFO org.springframework.test.context.support.AnnotationConfigContextLoaderUtils -- Could not detect default configuration classes for test class [com.practice.Restaurants.RestaurantsApplicationTests]: RestaurantsApplicationTests does not declare any static, non-private, non-final, nested classes annotated with @Configuration.
19:14:29.721 [main] INFO org.springframework.boot.test.context.SpringBootTestContextBootstrapper -- Found @SpringBootConfiguration com.practice.Restaurants.RestaurantsApplication for test class com.practice.Restaurants.RestaurantsApplicationTests

  .   ____          _            __ _ _
 /\\ / ___'_ __ _ _(_)_ __  __ _ \ \ \ \
( ( )\___ | '_ | '_| | '_ \/ _` | \ \ \ \
 \\/  ___)| |_)| | | | | || (_| |  ) ) ) )
  '  |____| .__|_| |_|_| |_\__, | / / / /
 =========|_|==============|___/=/_/_/_/

 :: Spring Boot ::                (v3.3.1)

2024-07-01T19:14:31.117+05:30  INFO 10840 --- [Restaurants] [           main] c.p.R.RestaurantsApplicationTests        : Starting RestaurantsApplicationTests using Java 17.0.8.1 with PID 10840 (started by ps75 in C:\Users\ps75\Downloads\Restaurants\Restaurants)
2024-07-01T19:14:31.128+05:30  INFO 10840 --- [Restaurants] [           main] c.p.R.RestaurantsApplicationTests        : No active profile set, falling back to 1 default profile: "default"
2024-07-01T19:14:33.451+05:30  INFO 10840 --- [Restaurants] [           main] .s.d.r.c.RepositoryConfigurationDelegate : Bootstrapping Spring Data JPA repositories in DEFAULT mode.
2024-07-01T19:14:33.874+05:30  INFO 10840 --- [Restaurants] [           main] .s.d.r.c.RepositoryConfigurationDelegate : Finished Spring Data repository scanning in 395 ms. Found 1 JPA repository interface.
2024-07-01T19:14:34.632+05:30  INFO 10840 --- [Restaurants] [           main] o.s.cloud.context.scope.GenericScope     : BeanFactory id=e1924bca-ada8-3b19-aa7b-f515cd0f593d
2024-07-01T19:14:34.870+05:30  WARN 10840 --- [Restaurants] [           main] trationDelegate$BeanPostProcessorChecker : Bean 'org.springframework.cloud.client.loadbalancer.LoadBalancerAutoConfiguration$DeferringLoadBalancerInterceptorConfig' of type [org.springframework.cloud.client.loadbalancer.LoadBalancerAutoConfiguration$DeferringLoadBalancerInterceptorConfig] is not eligible for getting processed by all BeanPostProcessors (for example: not eligible for auto-proxying). The currently created BeanPostProcessor [lbRestClientPostProcessor] is declared through a non-static factory method on that class; consider declaring it as static instead.
2024-07-01T19:14:34.874+05:30  WARN 10840 --- [Restaurants] [           main] trationDelegate$BeanPostProcessorChecker : Bean 'deferringLoadBalancerInterceptor' of type [org.springframework.cloud.client.loadbalancer.DeferringLoadBalancerInterceptor] is not eligible for getting processed by all BeanPostProcessors (for example: not eligible for auto-proxying). Is this bean getting eagerly injected into a currently created BeanPostProcessor [lbRestClientPostProcessor]? Check the corresponding BeanPostProcessor declaration and its dependencies.
2024-07-01T19:14:35.117+05:30  INFO 10840 --- [Restaurants] [           main] o.hibernate.jpa.internal.util.LogHelper  : HHH000204: Processing PersistenceUnitInfo [name: default]
2024-07-01T19:14:35.204+05:30  INFO 10840 --- [Restaurants] [           main] org.hibernate.Version                    : HHH000412: Hibernate ORM core version 6.5.2.Final
2024-07-01T19:14:35.263+05:30  INFO 10840 --- [Restaurants] [           main] o.h.c.internal.RegionFactoryInitiator    : HHH000026: Second-level cache disabled
2024-07-01T19:14:35.970+05:30  INFO 10840 --- [Restaurants] [           main] o.s.o.j.p.SpringPersistenceUnitInfo      : No LoadTimeWeaver setup: ignoring JPA class transformer
2024-07-01T19:14:36.070+05:30  INFO 10840 --- [Restaurants] [           main] com.zaxxer.hikari.HikariDataSource       : HikariPool-1 - Starting...
2024-07-01T19:14:36.880+05:30  INFO 10840 --- [Restaurants] [           main] com.zaxxer.hikari.pool.HikariPool        : HikariPool-1 - Added connection com.mysql.cj.jdbc.ConnectionImpl@2d4a0671
2024-07-01T19:14:36.884+05:30  INFO 10840 --- [Restaurants] [           main] com.zaxxer.hikari.HikariDataSource       : HikariPool-1 - Start completed.
2024-07-01T19:14:36.987+05:30  WARN 10840 --- [Restaurants] [           main] org.hibernate.orm.deprecation            : HHH90000025: MySQL8Dialect does not need to be specified explicitly using 'hibernate.dialect' (remove the property setting and it will be selected by default)
2024-07-01T19:14:36.989+05:30  WARN 10840 --- [Restaurants] [           main] org.hibernate.orm.deprecation            : HHH90000026: MySQL8Dialect has been deprecated; use org.hibernate.dialect.MySQLDialect instead
2024-07-01T19:14:38.449+05:30  INFO 10840 --- [Restaurants] [           main] o.h.e.t.j.p.i.JtaPlatformInitiator       : HHH000489: No JTA platform available (set 'hibernate.transaction.jta.platform' to enable JTA platform integration)
2024-07-01T19:14:38.571+05:30  INFO 10840 --- [Restaurants] [           main] j.LocalContainerEntityManagerFactoryBean : Initialized JPA EntityManagerFactory for persistence unit 'default'
2024-07-01T19:14:39.465+05:30  WARN 10840 --- [Restaurants] [           main] JpaBaseConfiguration$JpaWebConfiguration : spring.jpa.open-in-view is enabled by default. Therefore, database queries may be performed during view rendering. Explicitly configure spring.jpa.open-in-view to disable this warning
2024-07-01T19:14:40.841+05:30  INFO 10840 --- [Restaurants] [           main] DiscoveryClientOptionalArgsConfiguration : Eureka HTTP Client uses RestTemplate.
2024-07-01T19:14:41.056+05:30  WARN 10840 --- [Restaurants] [           main] iguration$LoadBalancerCaffeineWarnLogger : Spring Cloud LoadBalancer is currently working with the default cache. While this cache implementation is useful for development and tests, it's recommended to use Caffeine cache in production.You can switch to using Caffeine cache, by adding it and org.springframework.cache.caffeine.CaffeineCacheManager to the classpath.
2024-07-01T19:14:41.140+05:30  INFO 10840 --- [Restaurants] [           main] o.s.c.n.eureka.InstanceInfoFactory       : Setting initial instance status as: STARTING
2024-07-01T19:14:41.469+05:30  INFO 10840 --- [Restaurants] [           main] com.netflix.discovery.DiscoveryClient    : Initializing Eureka in region us-east-1
2024-07-01T19:14:41.479+05:30  INFO 10840 --- [Restaurants] [           main] c.n.d.s.r.aws.ConfigClusterResolver      : Resolving eureka endpoints via configuration
2024-07-01T19:14:41.588+05:30  INFO 10840 --- [Restaurants] [           main] com.netflix.discovery.DiscoveryClient    : Disable delta property : false
2024-07-01T19:14:41.589+05:30  INFO 10840 --- [Restaurants] [           main] com.netflix.discovery.DiscoveryClient    : Single vip registry refresh property : null
2024-07-01T19:14:41.589+05:30  INFO 10840 --- [Restaurants] [           main] com.netflix.discovery.DiscoveryClient    : Force full registry fetch : false
2024-07-01T19:14:41.589+05:30  INFO 10840 --- [Restaurants] [           main] com.netflix.discovery.DiscoveryClient    : Application is null : false
2024-07-01T19:14:41.589+05:30  INFO 10840 --- [Restaurants] [           main] com.netflix.discovery.DiscoveryClient    : Registered Applications size is zero : true
2024-07-01T19:14:41.589+05:30  INFO 10840 --- [Restaurants] [           main] com.netflix.discovery.DiscoveryClient    : Application version is -1: true
2024-07-01T19:14:41.590+05:30  INFO 10840 --- [Restaurants] [           main] com.netflix.discovery.DiscoveryClient    : Getting all instance registry info from the eureka server
2024-07-01T19:14:41.987+05:30  INFO 10840 --- [Restaurants] [           main] com.netflix.discovery.DiscoveryClient    : The response status is 200
2024-07-01T19:14:41.991+05:30  INFO 10840 --- [Restaurants] [           main] com.netflix.discovery.DiscoveryClient    : Starting heartbeat executor: renew interval is: 30
2024-07-01T19:14:41.995+05:30  INFO 10840 --- [Restaurants] [           main] c.n.discovery.InstanceInfoReplicator     : InstanceInfoReplicator onDemand update allowed rate per min is 4
2024-07-01T19:14:42.002+05:30  INFO 10840 --- [Restaurants] [           main] com.netflix.discovery.DiscoveryClient    : Discovery Client initialized at timestamp 1719841482001 with initial instances count: 1
2024-07-01T19:14:42.006+05:30  INFO 10840 --- [Restaurants] [           main] o.s.c.n.e.s.EurekaServiceRegistry        : Registering application RESTAURANTS with eureka with status UP
2024-07-01T19:14:42.007+05:30  INFO 10840 --- [Restaurants] [           main] com.netflix.discovery.DiscoveryClient    : Saw local status change event StatusChangeEvent [timestamp=1719841482007, current=UP, previous=STARTING]
2024-07-01T19:14:42.009+05:30  INFO 10840 --- [Restaurants] [nfoReplicator-0] com.netflix.discovery.DiscoveryClient    : DiscoveryClient_RESTAURANTS/INLEN6239004830.corp.capgemini.com:Restaurants:9091: registering service...
2024-07-01T19:14:42.027+05:30  INFO 10840 --- [Restaurants] [           main] c.p.R.RestaurantsApplicationTests        : Started RestaurantsApplicationTests in 11.737 seconds (process running for 13.978)
2024-07-01T19:14:42.068+05:30  INFO 10840 --- [Restaurants] [nfoReplicator-0] com.netflix.discovery.DiscoveryClient    : DiscoveryClient_RESTAURANTS/INLEN6239004830.corp.capgemini.com:Restaurants:9091 - registration status: 204
]]></system-out>
  </testcase>
</testsuite>